2026-02-05 06:51:12 - root - INFO - logger.py:85 - Logging configured. Level: INFO, File: logs/pattern_engine.log
2026-02-05 07:00:18 - root - INFO - logger.py:85 - Logging configured. Level: INFO, File: logs/pattern_engine.log
2026-02-05 07:00:31 - root - INFO - logger.py:85 - Logging configured. Level: INFO, File: logs/pattern_engine.log
2026-02-05 07:02:27 - root - INFO - logger.py:85 - Logging configured. Level: INFO, File: logs/pattern_engine.log
2026-02-05 07:02:30 - core.data_feeder - WARNING - data_feeder.py:34 - MT5Connector не найден, используется тестовый режим
2026-02-05 07:02:30 - core.pattern_detector - WARNING - pattern_detector.py:268 - Не удалось импортировать модули паттернов: cannot import name 'CandlestickPatterns' from 'patterns.candlestick_patterns' (C:\Users\Dmitriy\Desktop\AI_TRADER_0.1.1\pattern_recognition_engine\pattern_recognition_engine\patterns\candlestick_patterns.py)
2026-02-05 07:02:30 - core.pattern_database - INFO - pattern_database.py:107 - База данных инициализирована: patterns.db
2026-02-05 07:02:30 - core.pattern_database - INFO - pattern_database.py:772 - Соединение с базой данных закрыто
2026-02-05 07:03:00 - root - INFO - logger.py:85 - Logging configured. Level: INFO, File: logs/pattern_engine.log
2026-02-05 07:07:53 - root - INFO - logger.py:85 - Logging configured. Level: INFO, File: logs/pattern_engine.log
2026-02-05 07:08:43 - root - INFO - logger.py:85 - Logging configured. Level: INFO, File: logs/pattern_engine.log
2026-02-05 07:09:46 - root - INFO - logger.py:85 - Logging configured. Level: INFO, File: logs/pattern_engine.log
2026-02-05 07:09:48 - core.data_feeder - WARNING - data_feeder.py:34 - MT5Connector не найден, используется тестовый режим
2026-02-05 07:09:48 - core.pattern_detector - WARNING - pattern_detector.py:268 - Не удалось импортировать модули паттернов: cannot import name 'CandlestickPatterns' from 'patterns.candlestick_patterns' (C:\Users\Dmitriy\Desktop\AI_TRADER_0.1.1\pattern_recognition_engine\pattern_recognition_engine\patterns\candlestick_patterns.py)
2026-02-05 07:09:48 - core.pattern_database - INFO - pattern_database.py:107 - База данных инициализирована: patterns.db
2026-02-05 07:09:49 - core.pattern_database - INFO - pattern_database.py:772 - Соединение с базой данных закрыто
2026-02-05 07:10:16 - root - INFO - logger.py:85 - Logging configured. Level: INFO, File: logs/pattern_engine.log
2026-02-05 07:10:57 - root - INFO - logger.py:85 - Logging configured. Level: INFO, File: logs/pattern_engine.log
2026-02-05 07:18:07 - root - INFO - logger.py:85 - Logging configured. Level: INFO, File: logs/pattern_engine.log
2026-02-05 07:36:03 - root - INFO - logger.py:85 - Logging configured. Level: INFO, File: logs/pattern_engine.log
2026-02-05 07:36:55 - root - INFO - logger.py:85 - Logging configured. Level: INFO, File: logs/pattern_engine.log
2026-02-05 07:48:41 - root - INFO - logger.py:85 - Logging configured. Level: INFO, File: logs/pattern_engine.log
2026-02-05 07:48:44 - core.data_feeder - WARNING - data_feeder.py:34 - MT5Connector не найден, используется тестовый режим
2026-02-05 07:48:44 - core.pattern_detector - WARNING - pattern_detector.py:268 - Не удалось импортировать модули паттернов: cannot import name 'CandlestickPatterns' from 'patterns.candlestick_patterns' (C:\Users\Dmitriy\Desktop\AI_TRADER_0.1.1\pattern_recognition_engine\pattern_recognition_engine\patterns\candlestick_patterns.py)
2026-02-05 07:48:44 - core.pattern_database - INFO - pattern_database.py:107 - База данных инициализирована: patterns.db
2026-02-05 07:48:45 - core.pattern_database - INFO - pattern_database.py:772 - Соединение с базой данных закрыто
2026-02-05 07:49:04 - root - INFO - logger.py:85 - Logging configured. Level: INFO, File: logs/pattern_engine.log
2026-02-05 07:49:07 - core.data_feeder - WARNING - data_feeder.py:34 - MT5Connector не найден, используется тестовый режим
2026-02-05 07:49:07 - core.pattern_detector - WARNING - pattern_detector.py:268 - Не удалось импортировать модули паттернов: cannot import name 'CandlestickPatterns' from 'patterns.candlestick_patterns' (C:\Users\Dmitriy\Desktop\AI_TRADER_0.1.1\pattern_recognition_engine\pattern_recognition_engine\patterns\candlestick_patterns.py)
2026-02-05 07:49:07 - core.pattern_database - INFO - pattern_database.py:107 - База данных инициализирована: patterns.db
2026-02-05 07:49:07 - MT5Connector - INFO - logger.py:123 - Connected to MT5 (Login: 2000067543, Server: AlfaForexRU-Real)
2026-02-05 07:49:07 - MT5Connector - INFO - logger.py:123 - Account balance: 100000.00 RUB
2026-02-05 07:49:07 - MT5Connector - INFO - logger.py:123 - Disconnected from MT5
2026-02-05 07:49:07 - core.pattern_database - INFO - pattern_database.py:772 - Соединение с базой данных закрыто
2026-02-05 07:49:20,798 - INFO - ============================================================
2026-02-05 07:49:20,798 - INFO - PATTERN RECOGNITION ENGINE - STARTING
2026-02-05 07:49:20,798 - INFO - ============================================================
2026-02-05 07:49:20,837 - INFO - Config loaded: EURUSDrfd H1
2026-02-05 07:49:20 - root - INFO - logger.py:85 - Logging configured. Level: INFO, File: logs/pattern_engine.log
2026-02-05 07:49:23 - MT5Connector - INFO - logger.py:123 - Connected to MT5 (Login: 2000067543, Server: AlfaForexRU-Real)
2026-02-05 07:49:23 - MT5Connector - INFO - logger.py:123 - Account balance: 100000.00 RUB
2026-02-05 07:49:23 - __main__ - INFO - main.py:40 - ✅ MT5 connected successfully
2026-02-05 07:49:23 - MT5Connector - INFO - logger.py:123 - Disconnected from MT5
2026-02-05 07:49:23 - core.data_feeder - WARNING - data_feeder.py:34 - MT5Connector не найден, используется тестовый режим
2026-02-05 07:49:23 - core.pattern_detector - WARNING - pattern_detector.py:268 - Не удалось импортировать модули паттернов: cannot import name 'CandlestickPatterns' from 'patterns.candlestick_patterns' (C:\Users\Dmitriy\Desktop\AI_TRADER_0.1.1\pattern_recognition_engine\pattern_recognition_engine\patterns\candlestick_patterns.py)
2026-02-05 07:49:23 - core.pattern_database - INFO - pattern_database.py:107 - База данных инициализирована: patterns.db
2026-02-05 07:49:23 - __main__ - ERROR - main.py:52 - Failed to load DataFeeder: cannot import name 'MLModels' from 'core.ml_models' (C:\Users\Dmitriy\Desktop\AI_TRADER_0.1.1\pattern_recognition_engine\pattern_recognition_engine\core\ml_models.py)
2026-02-05 07:49:23 - core.pattern_database - INFO - pattern_database.py:772 - Соединение с базой данных закрыто
2026-02-05 07:55:42 - root - INFO - logger.py:85 - Logging configured. Level: INFO, File: logs/pattern_engine.log
2026-02-05 07:55:45 - core.data_feeder - WARNING - data_feeder.py:34 - MT5Connector не найден, используется тестовый режим
2026-02-05 07:55:45 - core.pattern_detector - WARNING - pattern_detector.py:268 - Не удалось импортировать модули паттернов: cannot import name 'CandlestickPatterns' from 'patterns.candlestick_patterns' (C:\Users\Dmitriy\Desktop\AI_TRADER_0.1.1\pattern_recognition_engine\pattern_recognition_engine\patterns\candlestick_patterns.py)
2026-02-05 07:55:45 - core.pattern_database - INFO - pattern_database.py:107 - База данных инициализирована: patterns.db
2026-02-05 07:55:45 - core.pattern_database - INFO - pattern_database.py:772 - Соединение с базой данных закрыто
2026-02-05 07:56:34 - root - INFO - logger.py:85 - Logging configured. Level: INFO, File: logs/pattern_engine.log
2026-02-05 07:56:37 - core.data_feeder - WARNING - data_feeder.py:34 - MT5Connector не найден, используется тестовый режим
2026-02-05 07:56:37 - core.pattern_detector - WARNING - pattern_detector.py:268 - Не удалось импортировать модули паттернов: cannot import name 'CandlestickPatterns' from 'patterns.candlestick_patterns' (C:\Users\Dmitriy\Desktop\AI_TRADER_0.1.1\pattern_recognition_engine\pattern_recognition_engine\patterns\candlestick_patterns.py)
2026-02-05 07:56:37 - core.pattern_database - INFO - pattern_database.py:107 - База данных инициализирована: patterns.db
2026-02-05 07:56:37 - MT5Connector - INFO - logger.py:123 - Connected to MT5 (Login: 2000067543, Server: AlfaForexRU-Real)
2026-02-05 07:56:37 - MT5Connector - INFO - logger.py:123 - Account balance: 100000.00 RUB
2026-02-05 07:56:37 - MT5Connector - INFO - logger.py:123 - Disconnected from MT5
2026-02-05 07:56:37 - core.pattern_database - INFO - pattern_database.py:772 - Соединение с базой данных закрыто
2026-02-05 07:57:44,725 - INFO - ============================================================
2026-02-05 07:57:44,725 - INFO - PATTERN RECOGNITION ENGINE - STARTING
2026-02-05 07:57:44,726 - INFO - ============================================================
2026-02-05 07:57:44,763 - INFO - Config loaded: EURUSDrfd H1
2026-02-05 07:57:44 - root - INFO - logger.py:85 - Logging configured. Level: INFO, File: logs/pattern_engine.log
2026-02-05 07:57:47 - MT5Connector - INFO - logger.py:123 - Connected to MT5 (Login: 2000067543, Server: AlfaForexRU-Real)
2026-02-05 07:57:47 - MT5Connector - INFO - logger.py:123 - Account balance: 100000.00 RUB
2026-02-05 07:57:47 - __main__ - INFO - main.py:40 - ✅ MT5 connected successfully
2026-02-05 07:57:47 - MT5Connector - INFO - logger.py:123 - Disconnected from MT5
2026-02-05 07:57:47 - core.data_feeder - WARNING - data_feeder.py:34 - MT5Connector не найден, используется тестовый режим
2026-02-05 07:57:47 - core.pattern_detector - WARNING - pattern_detector.py:268 - Не удалось импортировать модули паттернов: cannot import name 'CandlestickPatterns' from 'patterns.candlestick_patterns' (C:\Users\Dmitriy\Desktop\AI_TRADER_0.1.1\pattern_recognition_engine\pattern_recognition_engine\patterns\candlestick_patterns.py)
2026-02-05 07:57:47 - core.pattern_database - INFO - pattern_database.py:107 - База данных инициализирована: patterns.db
2026-02-05 07:57:47 - __main__ - ERROR - main.py:52 - Failed to load DataFeeder: cannot import name 'MLModels' from 'core.ml_models' (C:\Users\Dmitriy\Desktop\AI_TRADER_0.1.1\pattern_recognition_engine\pattern_recognition_engine\core\ml_models.py)
2026-02-05 07:57:47 - core.pattern_database - INFO - pattern_database.py:772 - Соединение с базой данных закрыто
